Analysis & Synthesis report for VGA_top_level
Sat Nov 18 17:05:16 2023
Quartus Prime Version 22.1std.2 Build 922 07/20/2023 SC Lite Edition


---------------------
; Table of Contents ;
---------------------
  1. Legal Notice
  2. Analysis & Synthesis Summary
  3. Analysis & Synthesis Settings
  4. Parallel Compilation
  5. Analysis & Synthesis Source Files Read
  6. Analysis & Synthesis Resource Usage Summary
  7. Analysis & Synthesis Resource Utilization by Entity
  8. Analysis & Synthesis RAM Summary
  9. Registers Removed During Synthesis
 10. Removed Registers Triggering Further Register Optimizations
 11. General Register Statistics
 12. Source assignments for pixelGenerator:videoGen|colorROM:colors|altsyncram:altsyncram_component|altsyncram_rae1:auto_generated
 13. Parameter Settings for User Entity Instance: pixelGenerator:videoGen|colorROM:colors|altsyncram:altsyncram_component
 14. altsyncram Parameter Settings by Entity Instance
 15. Port Connectivity Checks: "pixelGenerator:videoGen|colorROM:colors"
 16. Post-Synthesis Netlist Statistics for Top Partition
 17. Elapsed Time Per Partition
 18. Analysis & Synthesis Messages



----------------
; Legal Notice ;
----------------
Copyright (C) 2023  Intel Corporation. All rights reserved.
Your use of Intel Corporation's design tools, logic functions 
and other software and tools, and any partner logic 
functions, and any output files from any of the foregoing 
(including device programming or simulation files), and any 
associated documentation or information are expressly subject 
to the terms and conditions of the Intel Program License 
Subscription Agreement, the Intel Quartus Prime License Agreement,
the Intel FPGA IP License Agreement, or other applicable license
agreement, including, without limitation, that your use is for
the sole purpose of programming logic devices manufactured by
Intel and sold by Intel or its authorized distributors.  Please
refer to the applicable agreement for further details, at
https://fpgasoftware.intel.com/eula.



+----------------------------------------------------------------------------------+
; Analysis & Synthesis Summary                                                     ;
+---------------------------------+------------------------------------------------+
; Analysis & Synthesis Status     ; Successful - Sat Nov 18 17:05:16 2023          ;
; Quartus Prime Version           ; 22.1std.2 Build 922 07/20/2023 SC Lite Edition ;
; Revision Name                   ; VGA_top_level                                  ;
; Top-level Entity Name           ; VGA_top_level                                  ;
; Family                          ; Cyclone V                                      ;
; Logic utilization (in ALMs)     ; N/A                                            ;
; Total registers                 ; 11                                             ;
; Total pins                      ; 30                                             ;
; Total virtual pins              ; 0                                              ;
; Total block memory bits         ; 48                                             ;
; Total DSP Blocks                ; 0                                              ;
; Total HSSI RX PCSs              ; 0                                              ;
; Total HSSI PMA RX Deserializers ; 0                                              ;
; Total HSSI TX PCSs              ; 0                                              ;
; Total HSSI PMA TX Serializers   ; 0                                              ;
; Total PLLs                      ; 0                                              ;
; Total DLLs                      ; 0                                              ;
+---------------------------------+------------------------------------------------+


+---------------------------------------------------------------------------------------------------------------------------+
; Analysis & Synthesis Settings                                                                                             ;
+---------------------------------------------------------------------------------+--------------------+--------------------+
; Option                                                                          ; Setting            ; Default Value      ;
+---------------------------------------------------------------------------------+--------------------+--------------------+
; Device                                                                          ; 5CGXFC7C7F23C8     ;                    ;
; Top-level entity name                                                           ; VGA_top_level      ; VGA_top_level      ;
; Family name                                                                     ; Cyclone V          ; Cyclone V          ;
; Use smart compilation                                                           ; Off                ; Off                ;
; Enable parallel Assembler and Timing Analyzer during compilation                ; On                 ; On                 ;
; Enable compact report table                                                     ; Off                ; Off                ;
; Restructure Multiplexers                                                        ; Auto               ; Auto               ;
; MLAB Add Timing Constraints For Mixed-Port Feed-Through Mode Setting Don't Care ; Off                ; Off                ;
; Create Debugging Nodes for IP Cores                                             ; Off                ; Off                ;
; Preserve fewer node names                                                       ; On                 ; On                 ;
; Intel FPGA IP Evaluation Mode                                                   ; Enable             ; Enable             ;
; Verilog Version                                                                 ; Verilog_2001       ; Verilog_2001       ;
; VHDL Version                                                                    ; VHDL_1993          ; VHDL_1993          ;
; State Machine Processing                                                        ; Auto               ; Auto               ;
; Safe State Machine                                                              ; Off                ; Off                ;
; Extract Verilog State Machines                                                  ; On                 ; On                 ;
; Extract VHDL State Machines                                                     ; On                 ; On                 ;
; Ignore Verilog initial constructs                                               ; Off                ; Off                ;
; Iteration limit for constant Verilog loops                                      ; 5000               ; 5000               ;
; Iteration limit for non-constant Verilog loops                                  ; 250                ; 250                ;
; Add Pass-Through Logic to Inferred RAMs                                         ; On                 ; On                 ;
; Infer RAMs from Raw Logic                                                       ; On                 ; On                 ;
; Parallel Synthesis                                                              ; On                 ; On                 ;
; DSP Block Balancing                                                             ; Auto               ; Auto               ;
; NOT Gate Push-Back                                                              ; On                 ; On                 ;
; Power-Up Don't Care                                                             ; On                 ; On                 ;
; Remove Redundant Logic Cells                                                    ; Off                ; Off                ;
; Remove Duplicate Registers                                                      ; On                 ; On                 ;
; Ignore CARRY Buffers                                                            ; Off                ; Off                ;
; Ignore CASCADE Buffers                                                          ; Off                ; Off                ;
; Ignore GLOBAL Buffers                                                           ; Off                ; Off                ;
; Ignore ROW GLOBAL Buffers                                                       ; Off                ; Off                ;
; Ignore LCELL Buffers                                                            ; Off                ; Off                ;
; Ignore SOFT Buffers                                                             ; On                 ; On                 ;
; Limit AHDL Integers to 32 Bits                                                  ; Off                ; Off                ;
; Optimization Technique                                                          ; Balanced           ; Balanced           ;
; Carry Chain Length                                                              ; 70                 ; 70                 ;
; Auto Carry Chains                                                               ; On                 ; On                 ;
; Auto Open-Drain Pins                                                            ; On                 ; On                 ;
; Perform WYSIWYG Primitive Resynthesis                                           ; Off                ; Off                ;
; Auto ROM Replacement                                                            ; On                 ; On                 ;
; Auto RAM Replacement                                                            ; On                 ; On                 ;
; Auto DSP Block Replacement                                                      ; On                 ; On                 ;
; Auto Shift Register Replacement                                                 ; Auto               ; Auto               ;
; Allow Shift Register Merging across Hierarchies                                 ; Auto               ; Auto               ;
; Auto Clock Enable Replacement                                                   ; On                 ; On                 ;
; Strict RAM Replacement                                                          ; Off                ; Off                ;
; Allow Synchronous Control Signals                                               ; On                 ; On                 ;
; Force Use of Synchronous Clear Signals                                          ; Off                ; Off                ;
; Auto Resource Sharing                                                           ; Off                ; Off                ;
; Allow Any RAM Size For Recognition                                              ; Off                ; Off                ;
; Allow Any ROM Size For Recognition                                              ; Off                ; Off                ;
; Allow Any Shift Register Size For Recognition                                   ; Off                ; Off                ;
; Use LogicLock Constraints during Resource Balancing                             ; On                 ; On                 ;
; Ignore translate_off and synthesis_off directives                               ; Off                ; Off                ;
; Timing-Driven Synthesis                                                         ; On                 ; On                 ;
; Report Parameter Settings                                                       ; On                 ; On                 ;
; Report Source Assignments                                                       ; On                 ; On                 ;
; Report Connectivity Checks                                                      ; On                 ; On                 ;
; Ignore Maximum Fan-Out Assignments                                              ; Off                ; Off                ;
; Synchronization Register Chain Length                                           ; 3                  ; 3                  ;
; Power Optimization During Synthesis                                             ; Normal compilation ; Normal compilation ;
; HDL message level                                                               ; Level2             ; Level2             ;
; Suppress Register Optimization Related Messages                                 ; Off                ; Off                ;
; Number of Removed Registers Reported in Synthesis Report                        ; 5000               ; 5000               ;
; Number of Swept Nodes Reported in Synthesis Report                              ; 5000               ; 5000               ;
; Number of Inverted Registers Reported in Synthesis Report                       ; 100                ; 100                ;
; Clock MUX Protection                                                            ; On                 ; On                 ;
; Auto Gated Clock Conversion                                                     ; Off                ; Off                ;
; Block Design Naming                                                             ; Auto               ; Auto               ;
; SDC constraint protection                                                       ; Off                ; Off                ;
; Synthesis Effort                                                                ; Auto               ; Auto               ;
; Shift Register Replacement - Allow Asynchronous Clear Signal                    ; On                 ; On                 ;
; Pre-Mapping Resynthesis Optimization                                            ; Off                ; Off                ;
; Analysis & Synthesis Message Level                                              ; Medium             ; Medium             ;
; Disable Register Merging Across Hierarchies                                     ; Auto               ; Auto               ;
; Resource Aware Inference For Block RAM                                          ; On                 ; On                 ;
; Automatic Parallel Synthesis                                                    ; On                 ; On                 ;
; Partial Reconfiguration Bitstream ID                                            ; Off                ; Off                ;
+---------------------------------------------------------------------------------+--------------------+--------------------+


+------------------------------------------+
; Parallel Compilation                     ;
+----------------------------+-------------+
; Processors                 ; Number      ;
+----------------------------+-------------+
; Number detected on machine ; 16          ;
; Maximum allowed            ; 8           ;
;                            ;             ;
; Average used               ; 1.00        ;
; Maximum used               ; 8           ;
;                            ;             ;
; Usage by Processor         ; % Time Used ;
;     Processor 1            ; 100.0%      ;
;     Processors 2-8         ;   0.0%      ;
+----------------------------+-------------+


+-----------------------------------------------------------------------------------------------------------------------------------------------------------------------------------------------------------------------------------+
; Analysis & Synthesis Source Files Read                                                                                                                                                                                            ;
+-------------------------------------+-----------------+----------------------------------------+------------------------------------------------------------------------------------------------------------------------+---------+
; File Name with User-Entered Path    ; Used in Netlist ; File Type                              ; File Name with Absolute Path                                                                                           ; Library ;
+-------------------------------------+-----------------+----------------------------------------+------------------------------------------------------------------------------------------------------------------------+---------+
; mini_project_vga/VGA_top_level.vhd  ; yes             ; User VHDL File                         ; C:/Users/kohda/OneDrive/NU Classes/Y3/Q1/comp_eng_355/final_project/fpga_tank_game/mini_project_vga/VGA_top_level.vhd  ;         ;
; mini_project_vga/vga_sync.vhd       ; yes             ; User VHDL File                         ; C:/Users/kohda/OneDrive/NU Classes/Y3/Q1/comp_eng_355/final_project/fpga_tank_game/mini_project_vga/vga_sync.vhd       ;         ;
; mini_project_vga/pixelGenerator.vhd ; yes             ; User VHDL File                         ; C:/Users/kohda/OneDrive/NU Classes/Y3/Q1/comp_eng_355/final_project/fpga_tank_game/mini_project_vga/pixelGenerator.vhd ;         ;
; mini_project_vga/colorROM.vhd       ; yes             ; User Wizard-Generated File             ; C:/Users/kohda/OneDrive/NU Classes/Y3/Q1/comp_eng_355/final_project/fpga_tank_game/mini_project_vga/colorROM.vhd       ;         ;
; altsyncram.tdf                      ; yes             ; Megafunction                           ; c:/intelfpga_lite/22.1std/quartus/libraries/megafunctions/altsyncram.tdf                                               ;         ;
; stratix_ram_block.inc               ; yes             ; Megafunction                           ; c:/intelfpga_lite/22.1std/quartus/libraries/megafunctions/stratix_ram_block.inc                                        ;         ;
; lpm_mux.inc                         ; yes             ; Megafunction                           ; c:/intelfpga_lite/22.1std/quartus/libraries/megafunctions/lpm_mux.inc                                                  ;         ;
; lpm_decode.inc                      ; yes             ; Megafunction                           ; c:/intelfpga_lite/22.1std/quartus/libraries/megafunctions/lpm_decode.inc                                               ;         ;
; aglobal221.inc                      ; yes             ; Megafunction                           ; c:/intelfpga_lite/22.1std/quartus/libraries/megafunctions/aglobal221.inc                                               ;         ;
; a_rdenreg.inc                       ; yes             ; Megafunction                           ; c:/intelfpga_lite/22.1std/quartus/libraries/megafunctions/a_rdenreg.inc                                                ;         ;
; altrom.inc                          ; yes             ; Megafunction                           ; c:/intelfpga_lite/22.1std/quartus/libraries/megafunctions/altrom.inc                                                   ;         ;
; altram.inc                          ; yes             ; Megafunction                           ; c:/intelfpga_lite/22.1std/quartus/libraries/megafunctions/altram.inc                                                   ;         ;
; altdpram.inc                        ; yes             ; Megafunction                           ; c:/intelfpga_lite/22.1std/quartus/libraries/megafunctions/altdpram.inc                                                 ;         ;
; db/altsyncram_rae1.tdf              ; yes             ; Auto-Generated Megafunction            ; C:/Users/kohda/OneDrive/NU Classes/Y3/Q1/comp_eng_355/final_project/fpga_tank_game/db/altsyncram_rae1.tdf              ;         ;
; mini_project_vga/colorROM.mif       ; yes             ; Auto-Found Memory Initialization File  ; C:/Users/kohda/OneDrive/NU Classes/Y3/Q1/comp_eng_355/final_project/fpga_tank_game/mini_project_vga/colorROM.mif       ;         ;
+-------------------------------------+-----------------+----------------------------------------+------------------------------------------------------------------------------------------------------------------------+---------+


+----------------------------------------------------------------------------------+
; Analysis & Synthesis Resource Usage Summary                                      ;
+---------------------------------------------+------------------------------------+
; Resource                                    ; Usage                              ;
+---------------------------------------------+------------------------------------+
; Estimate of Logic utilization (ALMs needed) ; 7                                  ;
;                                             ;                                    ;
; Combinational ALUT usage for logic          ; 11                                 ;
;     -- 7 input functions                    ; 0                                  ;
;     -- 6 input functions                    ; 1                                  ;
;     -- 5 input functions                    ; 0                                  ;
;     -- 4 input functions                    ; 0                                  ;
;     -- <=3 input functions                  ; 10                                 ;
;                                             ;                                    ;
; Dedicated logic registers                   ; 11                                 ;
;                                             ;                                    ;
; I/O pins                                    ; 30                                 ;
; Total MLAB memory bits                      ; 0                                  ;
; Total block memory bits                     ; 48                                 ;
;                                             ;                                    ;
; Total DSP Blocks                            ; 0                                  ;
;                                             ;                                    ;
; Maximum fan-out node                        ; VGA_SYNC:videoSync|pixel_clock_int ;
; Maximum fan-out                             ; 36                                 ;
; Total fan-out                               ; 127                                ;
; Average fan-out                             ; 1.20                               ;
+---------------------------------------------+------------------------------------+


+----------------------------------------------------------------------------------------------------------------------------------------------------------------------------------------------------------------------------------------------------------------------------------------------------------------+
; Analysis & Synthesis Resource Utilization by Entity                                                                                                                                                                                                                                                            ;
+----------------------------------------------+---------------------+---------------------------+-------------------+------------+------+--------------+-----------------------------------------------------------------------------------------------------------------------+-----------------+--------------+
; Compilation Hierarchy Node                   ; Combinational ALUTs ; Dedicated Logic Registers ; Block Memory Bits ; DSP Blocks ; Pins ; Virtual Pins ; Full Hierarchy Name                                                                                                   ; Entity Name     ; Library Name ;
+----------------------------------------------+---------------------+---------------------------+-------------------+------------+------+--------------+-----------------------------------------------------------------------------------------------------------------------+-----------------+--------------+
; |VGA_top_level                               ; 11 (0)              ; 11 (0)                    ; 48                ; 0          ; 30   ; 0            ; |VGA_top_level                                                                                                        ; VGA_top_level   ; work         ;
;    |VGA_SYNC:videoSync|                      ; 11 (11)             ; 11 (11)                   ; 0                 ; 0          ; 0    ; 0            ; |VGA_top_level|VGA_SYNC:videoSync                                                                                     ; VGA_SYNC        ; work         ;
;    |pixelGenerator:videoGen|                 ; 0 (0)               ; 0 (0)                     ; 48                ; 0          ; 0    ; 0            ; |VGA_top_level|pixelGenerator:videoGen                                                                                ; pixelGenerator  ; work         ;
;       |colorROM:colors|                      ; 0 (0)               ; 0 (0)                     ; 48                ; 0          ; 0    ; 0            ; |VGA_top_level|pixelGenerator:videoGen|colorROM:colors                                                                ; colorROM        ; work         ;
;          |altsyncram:altsyncram_component|   ; 0 (0)               ; 0 (0)                     ; 48                ; 0          ; 0    ; 0            ; |VGA_top_level|pixelGenerator:videoGen|colorROM:colors|altsyncram:altsyncram_component                                ; altsyncram      ; work         ;
;             |altsyncram_rae1:auto_generated| ; 0 (0)               ; 0 (0)                     ; 48                ; 0          ; 0    ; 0            ; |VGA_top_level|pixelGenerator:videoGen|colorROM:colors|altsyncram:altsyncram_component|altsyncram_rae1:auto_generated ; altsyncram_rae1 ; work         ;
+----------------------------------------------+---------------------+---------------------------+-------------------+------------+------+--------------+-----------------------------------------------------------------------------------------------------------------------+-----------------+--------------+
Note: For table entries with two numbers listed, the numbers in parentheses indicate the number of resources of the given type used by the specific entity alone. The numbers listed outside of parentheses indicate the total resources of the given type used by the specific entity and all of its sub-entities in the hierarchy.


+-------------------------------------------------------------------------------------------------------------------------------------------------------------------------------------------------------------------+
; Analysis & Synthesis RAM Summary                                                                                                                                                                                  ;
+-------------------------------------------------------------------------------------------------------------------+------+------+--------------+--------------+--------------+--------------+------+--------------+
; Name                                                                                                              ; Type ; Mode ; Port A Depth ; Port A Width ; Port B Depth ; Port B Width ; Size ; MIF          ;
+-------------------------------------------------------------------------------------------------------------------+------+------+--------------+--------------+--------------+--------------+------+--------------+
; pixelGenerator:videoGen|colorROM:colors|altsyncram:altsyncram_component|altsyncram_rae1:auto_generated|ALTSYNCRAM ; AUTO ; ROM  ; 8            ; 30           ; --           ; --           ; 240  ; colorROM.mif ;
+-------------------------------------------------------------------------------------------------------------------+------+------+--------------+--------------+--------------+--------------+------+--------------+


+------------------------------------------------------------------------------------+
; Registers Removed During Synthesis                                                 ;
+-------------------------------------------+----------------------------------------+
; Register name                             ; Reason for Removal                     ;
+-------------------------------------------+----------------------------------------+
; VGA_SYNC:videoSync|vert_sync              ; Stuck at VCC due to stuck port data_in ;
; VGA_SYNC:videoSync|video_on_v             ; Stuck at GND due to stuck port data_in ;
; VGA_SYNC:videoSync|vert_sync_out          ; Stuck at VCC due to stuck port data_in ;
; VGA_SYNC:videoSync|video_on_h             ; Lost fanout                            ;
; VGA_SYNC:videoSync|pixel_column[0..7]     ; Lost fanout                            ;
; pixelGenerator:videoGen|colorAddress[0]   ; Stuck at VCC due to stuck port data_in ;
; pixelGenerator:videoGen|colorAddress[1,2] ; Stuck at GND due to stuck port data_in ;
; Total Number of Removed Registers = 15    ;                                        ;
+-------------------------------------------+----------------------------------------+


+----------------------------------------------------------------------------------------------------+
; Removed Registers Triggering Further Register Optimizations                                        ;
+-------------------------------+---------------------------+----------------------------------------+
; Register name                 ; Reason for Removal        ; Registers Removed due to This Register ;
+-------------------------------+---------------------------+----------------------------------------+
; VGA_SYNC:videoSync|vert_sync  ; Stuck at VCC              ; VGA_SYNC:videoSync|vert_sync_out       ;
;                               ; due to stuck port data_in ;                                        ;
; VGA_SYNC:videoSync|video_on_v ; Stuck at GND              ; VGA_SYNC:videoSync|video_on_h          ;
;                               ; due to stuck port data_in ;                                        ;
+-------------------------------+---------------------------+----------------------------------------+


+------------------------------------------------------+
; General Register Statistics                          ;
+----------------------------------------------+-------+
; Statistic                                    ; Value ;
+----------------------------------------------+-------+
; Total registers                              ; 11    ;
; Number of registers using Synchronous Clear  ; 0     ;
; Number of registers using Synchronous Load   ; 0     ;
; Number of registers using Asynchronous Clear ; 0     ;
; Number of registers using Asynchronous Load  ; 0     ;
; Number of registers using Clock Enable       ; 0     ;
; Number of registers using Preset             ; 0     ;
+----------------------------------------------+-------+


+-------------------------------------------------------------------------------------------------------------------------------+
; Source assignments for pixelGenerator:videoGen|colorROM:colors|altsyncram:altsyncram_component|altsyncram_rae1:auto_generated ;
+---------------------------------+--------------------+------+-----------------------------------------------------------------+
; Assignment                      ; Value              ; From ; To                                                              ;
+---------------------------------+--------------------+------+-----------------------------------------------------------------+
; OPTIMIZE_POWER_DURING_SYNTHESIS ; NORMAL_COMPILATION ; -    ; -                                                               ;
+---------------------------------+--------------------+------+-----------------------------------------------------------------+


+----------------------------------------------------------------------------------------------------------------------+
; Parameter Settings for User Entity Instance: pixelGenerator:videoGen|colorROM:colors|altsyncram:altsyncram_component ;
+------------------------------------+----------------------+----------------------------------------------------------+
; Parameter Name                     ; Value                ; Type                                                     ;
+------------------------------------+----------------------+----------------------------------------------------------+
; BYTE_SIZE_BLOCK                    ; 8                    ; Untyped                                                  ;
; AUTO_CARRY_CHAINS                  ; ON                   ; AUTO_CARRY                                               ;
; IGNORE_CARRY_BUFFERS               ; OFF                  ; IGNORE_CARRY                                             ;
; AUTO_CASCADE_CHAINS                ; ON                   ; AUTO_CASCADE                                             ;
; IGNORE_CASCADE_BUFFERS             ; OFF                  ; IGNORE_CASCADE                                           ;
; WIDTH_BYTEENA                      ; 1                    ; Untyped                                                  ;
; OPERATION_MODE                     ; ROM                  ; Untyped                                                  ;
; WIDTH_A                            ; 30                   ; Signed Integer                                           ;
; WIDTHAD_A                          ; 3                    ; Signed Integer                                           ;
; NUMWORDS_A                         ; 8                    ; Signed Integer                                           ;
; OUTDATA_REG_A                      ; UNREGISTERED         ; Untyped                                                  ;
; ADDRESS_ACLR_A                     ; NONE                 ; Untyped                                                  ;
; OUTDATA_ACLR_A                     ; NONE                 ; Untyped                                                  ;
; WRCONTROL_ACLR_A                   ; NONE                 ; Untyped                                                  ;
; INDATA_ACLR_A                      ; NONE                 ; Untyped                                                  ;
; BYTEENA_ACLR_A                     ; NONE                 ; Untyped                                                  ;
; WIDTH_B                            ; 1                    ; Untyped                                                  ;
; WIDTHAD_B                          ; 1                    ; Untyped                                                  ;
; NUMWORDS_B                         ; 1                    ; Untyped                                                  ;
; INDATA_REG_B                       ; CLOCK1               ; Untyped                                                  ;
; WRCONTROL_WRADDRESS_REG_B          ; CLOCK1               ; Untyped                                                  ;
; RDCONTROL_REG_B                    ; CLOCK1               ; Untyped                                                  ;
; ADDRESS_REG_B                      ; CLOCK1               ; Untyped                                                  ;
; OUTDATA_REG_B                      ; UNREGISTERED         ; Untyped                                                  ;
; BYTEENA_REG_B                      ; CLOCK1               ; Untyped                                                  ;
; INDATA_ACLR_B                      ; NONE                 ; Untyped                                                  ;
; WRCONTROL_ACLR_B                   ; NONE                 ; Untyped                                                  ;
; ADDRESS_ACLR_B                     ; NONE                 ; Untyped                                                  ;
; OUTDATA_ACLR_B                     ; NONE                 ; Untyped                                                  ;
; RDCONTROL_ACLR_B                   ; NONE                 ; Untyped                                                  ;
; BYTEENA_ACLR_B                     ; NONE                 ; Untyped                                                  ;
; WIDTH_BYTEENA_A                    ; 1                    ; Signed Integer                                           ;
; WIDTH_BYTEENA_B                    ; 1                    ; Untyped                                                  ;
; RAM_BLOCK_TYPE                     ; AUTO                 ; Untyped                                                  ;
; BYTE_SIZE                          ; 8                    ; Untyped                                                  ;
; READ_DURING_WRITE_MODE_MIXED_PORTS ; DONT_CARE            ; Untyped                                                  ;
; READ_DURING_WRITE_MODE_PORT_A      ; NEW_DATA_NO_NBE_READ ; Untyped                                                  ;
; READ_DURING_WRITE_MODE_PORT_B      ; NEW_DATA_NO_NBE_READ ; Untyped                                                  ;
; INIT_FILE                          ; colorROM.mif         ; Untyped                                                  ;
; INIT_FILE_LAYOUT                   ; PORT_A               ; Untyped                                                  ;
; MAXIMUM_DEPTH                      ; 0                    ; Untyped                                                  ;
; CLOCK_ENABLE_INPUT_A               ; BYPASS               ; Untyped                                                  ;
; CLOCK_ENABLE_INPUT_B               ; NORMAL               ; Untyped                                                  ;
; CLOCK_ENABLE_OUTPUT_A              ; BYPASS               ; Untyped                                                  ;
; CLOCK_ENABLE_OUTPUT_B              ; NORMAL               ; Untyped                                                  ;
; CLOCK_ENABLE_CORE_A                ; USE_INPUT_CLKEN      ; Untyped                                                  ;
; CLOCK_ENABLE_CORE_B                ; USE_INPUT_CLKEN      ; Untyped                                                  ;
; ENABLE_ECC                         ; FALSE                ; Untyped                                                  ;
; ECC_PIPELINE_STAGE_ENABLED         ; FALSE                ; Untyped                                                  ;
; WIDTH_ECCSTATUS                    ; 3                    ; Untyped                                                  ;
; DEVICE_FAMILY                      ; Cyclone V            ; Untyped                                                  ;
; CBXI_PARAMETER                     ; altsyncram_rae1      ; Untyped                                                  ;
+------------------------------------+----------------------+----------------------------------------------------------+
Note: In order to hide this table in the UI and the text report file, please set the "Show Parameter Settings in Synthesis Report" option in "Analysis and Synthesis Settings -> More Settings" to "Off".


+---------------------------------------------------------------------------------------------------------------------+
; altsyncram Parameter Settings by Entity Instance                                                                    ;
+-------------------------------------------+-------------------------------------------------------------------------+
; Name                                      ; Value                                                                   ;
+-------------------------------------------+-------------------------------------------------------------------------+
; Number of entity instances                ; 1                                                                       ;
; Entity Instance                           ; pixelGenerator:videoGen|colorROM:colors|altsyncram:altsyncram_component ;
;     -- OPERATION_MODE                     ; ROM                                                                     ;
;     -- WIDTH_A                            ; 30                                                                      ;
;     -- NUMWORDS_A                         ; 8                                                                       ;
;     -- OUTDATA_REG_A                      ; UNREGISTERED                                                            ;
;     -- WIDTH_B                            ; 1                                                                       ;
;     -- NUMWORDS_B                         ; 1                                                                       ;
;     -- ADDRESS_REG_B                      ; CLOCK1                                                                  ;
;     -- OUTDATA_REG_B                      ; UNREGISTERED                                                            ;
;     -- RAM_BLOCK_TYPE                     ; AUTO                                                                    ;
;     -- READ_DURING_WRITE_MODE_MIXED_PORTS ; DONT_CARE                                                               ;
+-------------------------------------------+-------------------------------------------------------------------------+


+---------------------------------------------------------------------------------------------------------------------+
; Port Connectivity Checks: "pixelGenerator:videoGen|colorROM:colors"                                                 ;
+-----------+--------+----------+-------------------------------------------------------------------------------------+
; Port      ; Type   ; Severity ; Details                                                                             ;
+-----------+--------+----------+-------------------------------------------------------------------------------------+
; q[29..24] ; Output ; Info     ; Connected to dangling logic. Logic that only feeds a dangling port will be removed. ;
+-----------+--------+----------+-------------------------------------------------------------------------------------+


+-----------------------------------------------------+
; Post-Synthesis Netlist Statistics for Top Partition ;
+-----------------------+-----------------------------+
; Type                  ; Count                       ;
+-----------------------+-----------------------------+
; arriav_ff             ; 11                          ;
;     plain             ; 11                          ;
; arriav_lcell_comb     ; 13                          ;
;     arith             ; 7                           ;
;         1 data inputs ; 6                           ;
;         2 data inputs ; 1                           ;
;     normal            ; 6                           ;
;         0 data inputs ; 2                           ;
;         1 data inputs ; 2                           ;
;         3 data inputs ; 1                           ;
;         6 data inputs ; 1                           ;
; boundary_port         ; 30                          ;
; stratixv_ram_block    ; 24                          ;
;                       ;                             ;
; Max LUT depth         ; 2.00                        ;
; Average LUT depth     ; 0.69                        ;
+-----------------------+-----------------------------+


+-------------------------------+
; Elapsed Time Per Partition    ;
+----------------+--------------+
; Partition Name ; Elapsed Time ;
+----------------+--------------+
; Top            ; 00:00:00     ;
+----------------+--------------+


+-------------------------------+
; Analysis & Synthesis Messages ;
+-------------------------------+
Info: *******************************************************************
Info: Running Quartus Prime Analysis & Synthesis
    Info: Version 22.1std.2 Build 922 07/20/2023 SC Lite Edition
    Info: Processing started: Sat Nov 18 17:05:06 2023
Info: Command: quartus_map --read_settings_files=on --write_settings_files=off VGA_top_level -c VGA_top_level
Warning (18236): Number of processors has not been specified which may cause overloading on shared machines.  Set the global assignment NUM_PARALLEL_PROCESSORS in your QSF to an appropriate value for best performance.
Info (20030): Parallel compilation is enabled and will use 8 of the 8 processors detected
Info (12021): Found 2 design units, including 1 entities, in source file mini_project_vga/vga_top_level.vhd
    Info (12022): Found design unit 1: VGA_top_level-structural File: C:/Users/kohda/OneDrive/NU Classes/Y3/Q1/comp_eng_355/final_project/fpga_tank_game/mini_project_vga/VGA_top_level.vhd Line: 17
    Info (12023): Found entity 1: VGA_top_level File: C:/Users/kohda/OneDrive/NU Classes/Y3/Q1/comp_eng_355/final_project/fpga_tank_game/mini_project_vga/VGA_top_level.vhd Line: 5
Info (12021): Found 2 design units, including 1 entities, in source file mini_project_vga/vga_sync.vhd
    Info (12022): Found design unit 1: VGA_SYNC-behavioral File: C:/Users/kohda/OneDrive/NU Classes/Y3/Q1/comp_eng_355/final_project/fpga_tank_game/mini_project_vga/vga_sync.vhd Line: 16
    Info (12023): Found entity 1: VGA_SYNC File: C:/Users/kohda/OneDrive/NU Classes/Y3/Q1/comp_eng_355/final_project/fpga_tank_game/mini_project_vga/vga_sync.vhd Line: 7
Info (12021): Found 2 design units, including 1 entities, in source file mini_project_vga/pixelgenerator.vhd
    Info (12022): Found design unit 1: pixelGenerator-behavioral File: C:/Users/kohda/OneDrive/NU Classes/Y3/Q1/comp_eng_355/final_project/fpga_tank_game/mini_project_vga/pixelGenerator.vhd Line: 14
    Info (12023): Found entity 1: pixelGenerator File: C:/Users/kohda/OneDrive/NU Classes/Y3/Q1/comp_eng_355/final_project/fpga_tank_game/mini_project_vga/pixelGenerator.vhd Line: 6
Info (12021): Found 2 design units, including 1 entities, in source file mini_project_vga/colorrom.vhd
    Info (12022): Found design unit 1: colorrom-SYN File: C:/Users/kohda/OneDrive/NU Classes/Y3/Q1/comp_eng_355/final_project/fpga_tank_game/mini_project_vga/colorROM.vhd Line: 52
    Info (12023): Found entity 1: colorROM File: C:/Users/kohda/OneDrive/NU Classes/Y3/Q1/comp_eng_355/final_project/fpga_tank_game/mini_project_vga/colorROM.vhd Line: 42
Info (12127): Elaborating entity "VGA_top_level" for the top level hierarchy
Info (12128): Elaborating entity "pixelGenerator" for hierarchy "pixelGenerator:videoGen" File: C:/Users/kohda/OneDrive/NU Classes/Y3/Q1/comp_eng_355/final_project/fpga_tank_game/mini_project_vga/VGA_top_level.vhd Line: 47
Info (12128): Elaborating entity "colorROM" for hierarchy "pixelGenerator:videoGen|colorROM:colors" File: C:/Users/kohda/OneDrive/NU Classes/Y3/Q1/comp_eng_355/final_project/fpga_tank_game/mini_project_vga/pixelGenerator.vhd Line: 52
Info (12128): Elaborating entity "altsyncram" for hierarchy "pixelGenerator:videoGen|colorROM:colors|altsyncram:altsyncram_component" File: C:/Users/kohda/OneDrive/NU Classes/Y3/Q1/comp_eng_355/final_project/fpga_tank_game/mini_project_vga/colorROM.vhd Line: 84
Info (12130): Elaborated megafunction instantiation "pixelGenerator:videoGen|colorROM:colors|altsyncram:altsyncram_component" File: C:/Users/kohda/OneDrive/NU Classes/Y3/Q1/comp_eng_355/final_project/fpga_tank_game/mini_project_vga/colorROM.vhd Line: 84
Info (12133): Instantiated megafunction "pixelGenerator:videoGen|colorROM:colors|altsyncram:altsyncram_component" with the following parameter: File: C:/Users/kohda/OneDrive/NU Classes/Y3/Q1/comp_eng_355/final_project/fpga_tank_game/mini_project_vga/colorROM.vhd Line: 84
    Info (12134): Parameter "clock_enable_input_a" = "BYPASS"
    Info (12134): Parameter "clock_enable_output_a" = "BYPASS"
    Info (12134): Parameter "init_file" = "colorROM.mif"
    Info (12134): Parameter "intended_device_family" = "Cyclone II"
    Info (12134): Parameter "lpm_hint" = "ENABLE_RUNTIME_MOD=NO"
    Info (12134): Parameter "lpm_type" = "altsyncram"
    Info (12134): Parameter "numwords_a" = "8"
    Info (12134): Parameter "operation_mode" = "ROM"
    Info (12134): Parameter "outdata_aclr_a" = "NONE"
    Info (12134): Parameter "outdata_reg_a" = "UNREGISTERED"
    Info (12134): Parameter "widthad_a" = "3"
    Info (12134): Parameter "width_a" = "30"
    Info (12134): Parameter "width_byteena_a" = "1"
Info (12021): Found 1 design units, including 1 entities, in source file db/altsyncram_rae1.tdf
    Info (12023): Found entity 1: altsyncram_rae1 File: C:/Users/kohda/OneDrive/NU Classes/Y3/Q1/comp_eng_355/final_project/fpga_tank_game/db/altsyncram_rae1.tdf Line: 28
Info (12128): Elaborating entity "altsyncram_rae1" for hierarchy "pixelGenerator:videoGen|colorROM:colors|altsyncram:altsyncram_component|altsyncram_rae1:auto_generated" File: c:/intelfpga_lite/22.1std/quartus/libraries/megafunctions/altsyncram.tdf Line: 792
Info (12128): Elaborating entity "VGA_SYNC" for hierarchy "VGA_SYNC:videoSync" File: C:/Users/kohda/OneDrive/NU Classes/Y3/Q1/comp_eng_355/final_project/fpga_tank_game/mini_project_vga/VGA_top_level.vhd Line: 55
Warning (10873): Using initial value X (don't care) for net "pixel_row" at vga_sync.vhd(12) File: C:/Users/kohda/OneDrive/NU Classes/Y3/Q1/comp_eng_355/final_project/fpga_tank_game/mini_project_vga/vga_sync.vhd Line: 12
Warning (14284): Synthesized away the following node(s):
    Warning (14285): Synthesized away the following RAM node(s):
        Warning (14320): Synthesized away node "pixelGenerator:videoGen|colorROM:colors|altsyncram:altsyncram_component|altsyncram_rae1:auto_generated|q_a[24]" File: C:/Users/kohda/OneDrive/NU Classes/Y3/Q1/comp_eng_355/final_project/fpga_tank_game/db/altsyncram_rae1.tdf Line: 515
        Warning (14320): Synthesized away node "pixelGenerator:videoGen|colorROM:colors|altsyncram:altsyncram_component|altsyncram_rae1:auto_generated|q_a[25]" File: C:/Users/kohda/OneDrive/NU Classes/Y3/Q1/comp_eng_355/final_project/fpga_tank_game/db/altsyncram_rae1.tdf Line: 535
        Warning (14320): Synthesized away node "pixelGenerator:videoGen|colorROM:colors|altsyncram:altsyncram_component|altsyncram_rae1:auto_generated|q_a[26]" File: C:/Users/kohda/OneDrive/NU Classes/Y3/Q1/comp_eng_355/final_project/fpga_tank_game/db/altsyncram_rae1.tdf Line: 555
        Warning (14320): Synthesized away node "pixelGenerator:videoGen|colorROM:colors|altsyncram:altsyncram_component|altsyncram_rae1:auto_generated|q_a[27]" File: C:/Users/kohda/OneDrive/NU Classes/Y3/Q1/comp_eng_355/final_project/fpga_tank_game/db/altsyncram_rae1.tdf Line: 575
        Warning (14320): Synthesized away node "pixelGenerator:videoGen|colorROM:colors|altsyncram:altsyncram_component|altsyncram_rae1:auto_generated|q_a[28]" File: C:/Users/kohda/OneDrive/NU Classes/Y3/Q1/comp_eng_355/final_project/fpga_tank_game/db/altsyncram_rae1.tdf Line: 595
        Warning (14320): Synthesized away node "pixelGenerator:videoGen|colorROM:colors|altsyncram:altsyncram_component|altsyncram_rae1:auto_generated|q_a[29]" File: C:/Users/kohda/OneDrive/NU Classes/Y3/Q1/comp_eng_355/final_project/fpga_tank_game/db/altsyncram_rae1.tdf Line: 615
Warning (13024): Output pins are stuck at VCC or GND
    Warning (13410): Pin "VERT_SYNC" is stuck at VCC File: C:/Users/kohda/OneDrive/NU Classes/Y3/Q1/comp_eng_355/final_project/fpga_tank_game/mini_project_vga/VGA_top_level.vhd Line: 12
    Warning (13410): Pin "VGA_BLANK" is stuck at GND File: C:/Users/kohda/OneDrive/NU Classes/Y3/Q1/comp_eng_355/final_project/fpga_tank_game/mini_project_vga/VGA_top_level.vhd Line: 12
Info (286030): Timing-Driven Synthesis is running
Info (17049): 9 registers lost all their fanouts during netlist optimizations.
Info (17036): Removed 2 MSB VCC or GND address nodes from RAM block "pixelGenerator:videoGen|colorROM:colors|altsyncram:altsyncram_component|altsyncram_rae1:auto_generated|ALTSYNCRAM" File: C:/Users/kohda/OneDrive/NU Classes/Y3/Q1/comp_eng_355/final_project/fpga_tank_game/db/altsyncram_rae1.tdf Line: 32
Info (16010): Generating hard_block partition "hard_block:auto_generated_inst"
    Info (16011): Adding 0 node(s), including 0 DDIO, 0 PLL, 0 transceiver and 0 LCELL
Warning (21074): Design contains 1 input pin(s) that do not drive logic
    Warning (15610): No output dependent on input pin "RESET_N" File: C:/Users/kohda/OneDrive/NU Classes/Y3/Q1/comp_eng_355/final_project/fpga_tank_game/mini_project_vga/VGA_top_level.vhd Line: 8
Info (21057): Implemented 66 device resources after synthesis - the final resource count might be different
    Info (21058): Implemented 2 input pins
    Info (21059): Implemented 28 output pins
    Info (21061): Implemented 12 logic cells
    Info (21064): Implemented 24 RAM segments
Info: Quartus Prime Analysis & Synthesis was successful. 0 errors, 15 warnings
    Info: Peak virtual memory: 4911 megabytes
    Info: Processing ended: Sat Nov 18 17:05:16 2023
    Info: Elapsed time: 00:00:10
    Info: Total CPU time (on all processors): 00:00:28


